[2019-10-19 00:04:02.338] [exthost] [info] extension host started
[2019-10-19 00:04:02.395] [exthost] [info] ExtensionService#_doActivateExtension vscode.debug-auto-launch {"startup":true,"activationEvent":"*"}
[2019-10-19 00:04:02.395] [exthost] [info] ExtensionService#loadCommonJSModule file:///usr/share/code/resources/app/extensions/debug-auto-launch/dist/extension
[2019-10-19 00:04:02.399] [exthost] [info] ExtensionService#_doActivateExtension vscode.emmet {"startup":true,"activationEvent":"*"}
[2019-10-19 00:04:02.400] [exthost] [info] ExtensionService#loadCommonJSModule file:///usr/share/code/resources/app/extensions/emmet/dist/extension
[2019-10-19 00:04:02.518] [exthost] [info] ExtensionService#_doActivateExtension vscode.git {"startup":true,"activationEvent":"*"}
[2019-10-19 00:04:02.518] [exthost] [info] ExtensionService#loadCommonJSModule file:///usr/share/code/resources/app/extensions/git/dist/main
[2019-10-19 00:04:02.684] [exthost] [info] ExtensionService#_doActivateExtension vscode.merge-conflict {"startup":true,"activationEvent":"*"}
[2019-10-19 00:04:02.684] [exthost] [info] ExtensionService#loadCommonJSModule file:///usr/share/code/resources/app/extensions/merge-conflict/dist/extension
[2019-10-19 00:04:02.691] [exthost] [info] eager extensions activated
[2019-10-19 00:04:58.942] [exthost] [info] extension host started
[2019-10-19 00:04:58.982] [exthost] [info] ExtensionService#_doActivateExtension vscode.debug-auto-launch {"startup":true,"activationEvent":"*"}
[2019-10-19 00:04:58.982] [exthost] [info] ExtensionService#loadCommonJSModule file:///usr/share/code/resources/app/extensions/debug-auto-launch/dist/extension
[2019-10-19 00:04:58.987] [exthost] [info] ExtensionService#_doActivateExtension vscode.emmet {"startup":true,"activationEvent":"*"}
[2019-10-19 00:04:58.987] [exthost] [info] ExtensionService#loadCommonJSModule file:///usr/share/code/resources/app/extensions/emmet/dist/extension
[2019-10-19 00:04:59.079] [exthost] [info] ExtensionService#_doActivateExtension vscode.git {"startup":true,"activationEvent":"*"}
[2019-10-19 00:04:59.079] [exthost] [info] ExtensionService#loadCommonJSModule file:///usr/share/code/resources/app/extensions/git/dist/main
[2019-10-19 00:04:59.244] [exthost] [info] ExtensionService#_doActivateExtension vscode.merge-conflict {"startup":true,"activationEvent":"*"}
[2019-10-19 00:04:59.244] [exthost] [info] ExtensionService#loadCommonJSModule file:///usr/share/code/resources/app/extensions/merge-conflict/dist/extension
[2019-10-19 00:04:59.252] [exthost] [info] ExtensionService#_doActivateExtension vscode.npm {"startup":true,"activationEvent":"workspaceContains:package.json"}
[2019-10-19 00:04:59.252] [exthost] [info] ExtensionService#loadCommonJSModule file:///usr/share/code/resources/app/extensions/npm/dist/main
[2019-10-19 00:04:59.319] [exthost] [info] eager extensions activated
[2019-10-19 00:17:17.788] [exthost] [info] ExtensionService#_doActivateExtension vscode.typescript-language-features {"startup":false,"activationEvent":"onLanguage:javascript"}
[2019-10-19 00:17:17.788] [exthost] [info] ExtensionService#loadCommonJSModule file:///usr/share/code/resources/app/extensions/typescript-language-features/dist/extension
[2019-10-21 11:58:11.990] [exthost] [info] ExtensionService#_doActivateExtension vscode.extension-editing {"startup":false,"activationEvent":"onLanguage:typescript"}
[2019-10-21 11:58:11.991] [exthost] [info] ExtensionService#loadCommonJSModule file:///usr/share/code/resources/app/extensions/extension-editing/dist/extension
[2019-10-21 15:51:10.620] [exthost] [info] ExtensionService#_doActivateExtension ms-azuretools.vscode-docker {"startup":false,"activationEvent":"onLanguage:yaml"}
[2019-10-21 15:51:10.620] [exthost] [info] ExtensionService#loadCommonJSModule file:///root/.vscode/extensions/ms-azuretools.vscode-docker-0.8.1/main
[2019-10-21 16:53:28.325] [exthost] [info] ExtensionService#_doActivateExtension vscode.css-language-features {"startup":false,"activationEvent":"onLanguage:css"}
[2019-10-21 16:53:28.325] [exthost] [info] ExtensionService#loadCommonJSModule file:///usr/share/code/resources/app/extensions/css-language-features/client/dist/cssMain
[2019-10-30 23:30:02.726] [exthost] [info] ExtensionService#_doActivateExtension vscode.grunt {"startup":false,"activationEvent":"onCommand:workbench.action.tasks.runTask"}
[2019-10-30 23:30:02.726] [exthost] [info] ExtensionService#loadCommonJSModule file:///usr/share/code/resources/app/extensions/grunt/dist/main
[2019-10-30 23:30:02.740] [exthost] [info] ExtensionService#_doActivateExtension vscode.gulp {"startup":false,"activationEvent":"onCommand:workbench.action.tasks.runTask"}
[2019-10-30 23:30:02.740] [exthost] [info] ExtensionService#loadCommonJSModule file:///usr/share/code/resources/app/extensions/gulp/dist/main
[2019-10-30 23:30:02.791] [exthost] [info] ExtensionService#_doActivateExtension vscode.jake {"startup":false,"activationEvent":"onCommand:workbench.action.tasks.runTask"}
[2019-10-30 23:30:02.791] [exthost] [info] ExtensionService#loadCommonJSModule file:///usr/share/code/resources/app/extensions/jake/dist/main
